<?xml version="1.0" encoding="UTF-8"?>
<testng-results skipped="0" failed="0" total="2" passed="2">
  <reporter-output>
  </reporter-output>
  <suite name="Suite" duration-ms="48" started-at="2017-12-07T20:39:40Z" finished-at="2017-12-07T20:39:41Z">
    <groups>
    </groups>
    <test name="Test" duration-ms="48" started-at="2017-12-07T20:39:40Z" finished-at="2017-12-07T20:39:41Z">
      <class name="com.maven.test.NewTest">
        <test-method status="PASS" signature="f1()[pri:0, instance:com.maven.test.NewTest@50c87b21]" name="f1" duration-ms="7" started-at="2017-12-08T02:09:41Z" finished-at="2017-12-08T02:09:41Z">
          <reporter-output>
          </reporter-output>
        </test-method> <!-- f1 -->
      </class> <!-- com.maven.test.NewTest -->
      <class name="com.maven.test.NewTest2">
        <test-method status="PASS" signature="f2()[pri:0, instance:com.maven.test.NewTest2@396a51ab]" name="f2" duration-ms="17" started-at="2017-12-08T02:09:41Z" finished-at="2017-12-08T02:09:41Z">
          <reporter-output>
          </reporter-output>
        </test-method> <!-- f2 -->
      </class> <!-- com.maven.test.NewTest2 -->
    </test> <!-- Test -->
  </suite> <!-- Suite -->
</testng-results>
