<?xml version="1.0" encoding="UTF-8"?>
<testng-results skipped="0" failed="0" total="2" passed="2">
  <reporter-output>
  </reporter-output>
  <suite name="Suite" duration-ms="36" started-at="2017-12-19T19:37:02Z" finished-at="2017-12-19T19:37:02Z">
    <groups>
    </groups>
    <test name="Test" duration-ms="36" started-at="2017-12-19T19:37:02Z" finished-at="2017-12-19T19:37:02Z">
      <class name="com.maven.test.NewTest">
        <test-method status="PASS" signature="f1()[pri:0, instance:com.maven.test.NewTest@506e6d5e]" name="f1" duration-ms="0" started-at="2017-12-20T01:07:02Z" finished-at="2017-12-20T01:07:02Z">
          <reporter-output>
          </reporter-output>
        </test-method> <!-- f1 -->
      </class> <!-- com.maven.test.NewTest -->
      <class name="com.maven.test.NewTest2">
        <test-method status="PASS" signature="f2()[pri:0, instance:com.maven.test.NewTest2@3498ed]" name="f2" duration-ms="12" started-at="2017-12-20T01:07:02Z" finished-at="2017-12-20T01:07:02Z">
          <reporter-output>
          </reporter-output>
        </test-method> <!-- f2 -->
      </class> <!-- com.maven.test.NewTest2 -->
    </test> <!-- Test -->
  </suite> <!-- Suite -->
</testng-results>
